<?xml version="1.0" encoding="UTF-8"?>
<coverage generated="1742074253301" clover="3.2.0">
  <project timestamp="1742074253301" name="All files">
    <metrics statements="29" coveredstatements="29" conditionals="6" coveredconditionals="3" methods="4" coveredmethods="4" elements="39" coveredelements="36" complexity="0" loc="29" ncloc="29" packages="2" files="3" classes="3"/>
    <package name="shared">
      <metrics statements="24" coveredstatements="24" conditionals="6" coveredconditionals="3" methods="4" coveredmethods="4"/>
      <file name="register.controller.ts" path="/Users/wanderleymacedopinheirojr/Dev/saas/finance-ai/shared/register.controller.ts">
        <metrics statements="7" coveredstatements="7" conditionals="0" coveredconditionals="0" methods="2" coveredmethods="2"/>
        <line num="1" count="1" type="stmt"/>
        <line num="2" count="1" type="stmt"/>
        <line num="3" count="1" type="stmt"/>
        <line num="6" count="1" type="stmt"/>
        <line num="7" count="1" type="stmt"/>
        <line num="11" count="1" type="stmt"/>
        <line num="12" count="1" type="stmt"/>
      </file>
      <file name="register.service.ts" path="/Users/wanderleymacedopinheirojr/Dev/saas/finance-ai/shared/register.service.ts">
        <metrics statements="17" coveredstatements="17" conditionals="6" coveredconditionals="3" methods="2" coveredmethods="2"/>
        <line num="1" count="2" type="stmt"/>
        <line num="15" count="2" type="stmt"/>
        <line num="17" count="2" type="stmt"/>
        <line num="18" count="2" type="stmt"/>
        <line num="19" count="2" type="stmt"/>
        <line num="28" count="2" type="stmt"/>
        <line num="30" count="2" type="stmt"/>
        <line num="35" count="2" type="stmt"/>
        <line num="38" count="1" type="stmt"/>
        <line num="45" count="1" type="stmt"/>
        <line num="48" count="1" type="stmt"/>
        <line num="57" count="1" type="stmt"/>
        <line num="60" count="1" type="stmt"/>
        <line num="66" count="1" type="stmt"/>
        <line num="72" count="1" type="stmt"/>
        <line num="78" count="1" type="cond" truecount="1" falsecount="1"/>
        <line num="79" count="1" type="stmt"/>
      </file>
    </package>
    <package name="shared.dto">
      <metrics statements="5" coveredstatements="5" conditionals="0" coveredconditionals="0" methods="0" coveredmethods="0"/>
      <file name="RegisterDtoValidation.ts" path="/Users/wanderleymacedopinheirojr/Dev/saas/finance-ai/shared/dto/RegisterDtoValidation.ts">
        <metrics statements="5" coveredstatements="5" conditionals="0" coveredconditionals="0" methods="0" coveredmethods="0"/>
        <line num="1" count="1" type="stmt"/>
        <line num="24" count="1" type="stmt"/>
        <line num="25" count="1" type="stmt"/>
        <line num="28" count="1" type="stmt"/>
        <line num="31" count="1" type="stmt"/>
      </file>
    </package>
  </project>
</coverage>
