{"/Users/wanderleymacedopinheirojr/Dev/saas/finance-ai/shared/register.controller.ts": {"path":"/Users/wanderleymacedopinheirojr/Dev/saas/finance-ai/shared/register.controller.ts","statementMap":{"0":{"start":{"line":1,"column":0},"end":{"line":1,"column":82}},"1":{"start":{"line":2,"column":0},"end":{"line":2,"column":68}},"2":{"start":{"line":3,"column":0},"end":{"line":3,"column":53}},"3":{"start":{"line":6,"column":7},"end":{"line":14,"column":null}},"4":{"start":{"line":7,"column":31},"end":{"line":7,"column":48}},"5":{"start":{"line":12,"column":4},"end":{"line":12,"column":60}},"6":{"start":{"line":11,"column":8},"end":{"line":13,"column":null}},"7":{"start":{"line":6,"column":13},"end":{"line":14,"column":null}},"8":{"start":{"line":6,"column":13},"end":{"line":6,"column":31}}},"fnMap":{"0":{"name":"(anonymous_4)","decl":{"start":{"line":7,"column":2},"end":{"line":7,"column":31}},"loc":{"start":{"line":7,"column":63},"end":{"line":7,"column":67}}},"1":{"name":"(anonymous_5)","decl":{"start":{"line":11,"column":2},"end":{"line":11,"column":7}},"loc":{"start":{"line":11,"column":59},"end":{"line":13,"column":3}}}},"branchMap":{},"s":{"0":1,"1":1,"2":1,"3":1,"4":1,"5":1,"6":1,"7":1,"8":1},"f":{"0":1,"1":1},"b":{}}
,"/Users/wanderleymacedopinheirojr/Dev/saas/finance-ai/shared/register.service.ts": {"path":"/Users/wanderleymacedopinheirojr/Dev/saas/finance-ai/shared/register.service.ts","statementMap":{"0":{"start":{"line":1,"column":0},"end":{"line":1,"column":79}},"1":{"start":{"line":15,"column":7},"end":{"line":82,"column":null}},"2":{"start":{"line":17,"column":46},"end":{"line":17,"column":64}},"3":{"start":{"line":18,"column":47},"end":{"line":18,"column":66}},"4":{"start":{"line":19,"column":50},"end":{"line":19,"column":72}},"5":{"start":{"line":28,"column":4},"end":{"line":80,"column":null}},"6":{"start":{"line":30,"column":25},"end":{"line":33,"column":8}},"7":{"start":{"line":35,"column":21},"end":{"line":35,"column":63}},"8":{"start":{"line":38,"column":26},"end":{"line":43,"column":8}},"9":{"start":{"line":45,"column":22},"end":{"line":45,"column":70}},"10":{"start":{"line":48,"column":26},"end":{"line":55,"column":8}},"11":{"start":{"line":57,"column":22},"end":{"line":57,"column":66}},"12":{"start":{"line":60,"column":6},"end":{"line":63,"column":9}},"13":{"start":{"line":66,"column":31},"end":{"line":68,"column":null}},"14":{"start":{"line":72,"column":6},"end":{"line":75,"column":8}},"15":{"start":{"line":78,"column":23},"end":{"line":78,"column":103}},"16":{"start":{"line":79,"column":6},"end":{"line":79,"column":64}},"17":{"start":{"line":15,"column":13},"end":{"line":82,"column":null}},"18":{"start":{"line":15,"column":13},"end":{"line":15,"column":28}}},"fnMap":{"0":{"name":"(anonymous_4)","decl":{"start":{"line":16,"column":2},"end":{"line":16,"column":null}},"loc":{"start":{"line":19,"column":72},"end":{"line":20,"column":6}}},"1":{"name":"(anonymous_5)","decl":{"start":{"line":27,"column":2},"end":{"line":27,"column":7}},"loc":{"start":{"line":27,"column":47},"end":{"line":81,"column":3}}}},"branchMap":{"0":{"loc":{"start":{"line":32,"column":17},"end":{"line":32,"column":49}},"type":"binary-expr","locations":[{"start":{"line":32,"column":17},"end":{"line":32,"column":43}},{"start":{"line":32,"column":47},"end":{"line":32,"column":49}}]},"1":{"loc":{"start":{"line":40,"column":14},"end":{"line":40,"column":44}},"type":"binary-expr","locations":[{"start":{"line":40,"column":14},"end":{"line":40,"column":38}},{"start":{"line":40,"column":42},"end":{"line":40,"column":44}}]},"2":{"loc":{"start":{"line":78,"column":23},"end":{"line":78,"column":103}},"type":"cond-expr","locations":[{"start":{"line":78,"column":48},"end":{"line":78,"column":61}},{"start":{"line":78,"column":64},"end":{"line":78,"column":103}}]}},"s":{"0":2,"1":2,"2":2,"3":2,"4":2,"5":2,"6":2,"7":2,"8":1,"9":1,"10":1,"11":1,"12":1,"13":1,"14":1,"15":1,"16":1,"17":2,"18":2},"f":{"0":2,"1":2},"b":{"0":[2,0],"1":[1,0],"2":[1,0]}}
,"/Users/wanderleymacedopinheirojr/Dev/saas/finance-ai/shared/dto/RegisterDtoValidation.ts": {"path":"/Users/wanderleymacedopinheirojr/Dev/saas/finance-ai/shared/dto/RegisterDtoValidation.ts","statementMap":{"0":{"start":{"line":1,"column":0},"end":{"line":1,"column":76}},"1":{"start":{"line":25,"column":2},"end":{"line":26,"column":null}},"2":{"start":{"line":28,"column":2},"end":{"line":29,"column":null}},"3":{"start":{"line":31,"column":2},"end":{"line":32,"column":null}},"4":{"start":{"line":24,"column":0},"end":{"line":24,"column":13}}},"fnMap":{},"branchMap":{},"s":{"0":1,"1":1,"2":1,"3":1,"4":1},"f":{},"b":{}}
}
