TN:
SF:register.controller.ts
FN:7,(anonymous_4)
FN:11,(anonymous_5)
FNF:2
FNH:2
FNDA:1,(anonymous_4)
FNDA:1,(anonymous_5)
DA:1,1
DA:2,1
DA:3,1
DA:6,1
DA:7,1
DA:11,1
DA:12,1
LF:7
LH:7
BRF:0
BRH:0
end_of_record
TN:
SF:register.service.ts
FN:16,(anonymous_4)
FN:27,(anonymous_5)
FNF:2
FNH:2
FNDA:2,(anonymous_4)
FNDA:2,(anonymous_5)
DA:1,2
DA:15,2
DA:17,2
DA:18,2
DA:19,2
DA:28,2
DA:30,2
DA:35,2
DA:38,1
DA:45,1
DA:48,1
DA:57,1
DA:60,1
DA:66,1
DA:72,1
DA:78,1
DA:79,1
LF:17
LH:17
BRDA:32,0,0,2
BRDA:32,0,1,0
BRDA:40,1,0,1
BRDA:40,1,1,0
BRDA:78,2,0,1
BRDA:78,2,1,0
BRF:6
BRH:3
end_of_record
TN:
SF:dto/RegisterDtoValidation.ts
FNF:0
FNH:0
DA:1,1
DA:24,1
DA:25,1
DA:28,1
DA:31,1
LF:5
LH:5
BRF:0
BRH:0
end_of_record
